<?xml version="1.0" encoding="UTF-8"?>
<coverage generated="1553960310915" clover="3.2.0">
  <project timestamp="1553960310915" name="All files">
    <metrics statements="36" coveredstatements="31" conditionals="12" coveredconditionals="10" methods="15" coveredmethods="12" elements="63" coveredelements="53" complexity="0" loc="36" ncloc="36" packages="4" files="7" classes="7"/>
    <package name="asset.script">
      <metrics statements="15" coveredstatements="14" conditionals="4" coveredconditionals="4" methods="7" coveredmethods="6"/>
      <file name="util.js" path="/Users/ndifrekeanthony/Documents/github/code/sendit-frontend/src/asset/script/util.js">
        <metrics statements="15" coveredstatements="14" conditionals="4" coveredconditionals="4" methods="7" coveredmethods="6"/>
        <line num="1" count="1" type="stmt"/>
        <line num="2" count="3" type="stmt"/>
        <line num="3" count="3" type="stmt"/>
        <line num="6" count="1" type="stmt"/>
        <line num="7" count="0" type="stmt"/>
        <line num="10" count="1" type="stmt"/>
        <line num="11" count="3" type="stmt"/>
        <line num="14" count="1" type="stmt"/>
        <line num="15" count="3" type="stmt"/>
        <line num="18" count="1" type="stmt"/>
        <line num="19" count="30" type="cond" truecount="2" falsecount="0"/>
        <line num="22" count="1" type="stmt"/>
        <line num="23" count="15" type="cond" truecount="2" falsecount="0"/>
        <line num="26" count="1" type="stmt"/>
        <line num="27" count="34" type="stmt"/>
      </file>
    </package>
    <package name="asset.style">
      <metrics statements="2" coveredstatements="2" conditionals="0" coveredconditionals="0" methods="0" coveredmethods="0"/>
      <file name="forms.css" path="/Users/ndifrekeanthony/Documents/github/code/sendit-frontend/src/asset/style/forms.css">
        <metrics statements="1" coveredstatements="1" conditionals="0" coveredconditionals="0" methods="0" coveredmethods="0"/>
        <line num="1" count="1" type="stmt"/>
      </file>
      <file name="header.css" path="/Users/ndifrekeanthony/Documents/github/code/sendit-frontend/src/asset/style/header.css">
        <metrics statements="1" coveredstatements="1" conditionals="0" coveredconditionals="0" methods="0" coveredmethods="0"/>
        <line num="1" count="1" type="stmt"/>
      </file>
    </package>
    <package name="pages">
      <metrics statements="12" coveredstatements="12" conditionals="6" coveredconditionals="6" methods="5" coveredmethods="5"/>
      <file name="SignIn.jsx" path="/Users/ndifrekeanthony/Documents/github/code/sendit-frontend/src/pages/SignIn.jsx">
        <metrics statements="12" coveredstatements="12" conditionals="6" coveredconditionals="6" methods="5" coveredmethods="5"/>
        <line num="28" count="3" type="stmt"/>
        <line num="29" count="3" type="stmt"/>
        <line num="30" count="3" type="stmt"/>
        <line num="31" count="3" type="cond" truecount="2" falsecount="0"/>
        <line num="34" count="3" type="stmt"/>
        <line num="39" count="3" type="stmt"/>
        <line num="40" count="3" type="stmt"/>
        <line num="41" count="3" type="stmt"/>
        <line num="42" count="3" type="cond" truecount="2" falsecount="0"/>
        <line num="45" count="3" type="stmt"/>
        <line num="50" count="15" type="stmt"/>
        <line num="51" count="15" type="stmt"/>
      </file>
    </package>
    <package name="pages.common">
      <metrics statements="7" coveredstatements="3" conditionals="2" coveredconditionals="0" methods="3" coveredmethods="1"/>
      <file name="ExternalPage.jsx" path="/Users/ndifrekeanthony/Documents/github/code/sendit-frontend/src/pages/common/ExternalPage.jsx">
        <metrics statements="1" coveredstatements="1" conditionals="0" coveredconditionals="0" methods="1" coveredmethods="1"/>
        <line num="6" count="1" type="stmt"/>
      </file>
      <file name="Header.jsx" path="/Users/ndifrekeanthony/Documents/github/code/sendit-frontend/src/pages/common/Header.jsx">
        <metrics statements="2" coveredstatements="1" conditionals="0" coveredconditionals="0" methods="1" coveredmethods="0"/>
        <line num="5" count="1" type="stmt"/>
        <line num="11" count="0" type="stmt"/>
      </file>
      <file name="Loader.jsx" path="/Users/ndifrekeanthony/Documents/github/code/sendit-frontend/src/pages/common/Loader.jsx">
        <metrics statements="4" coveredstatements="1" conditionals="2" coveredconditionals="0" methods="1" coveredmethods="0"/>
        <line num="3" count="1" type="stmt"/>
        <line num="4" count="0" type="cond" truecount="0" falsecount="2"/>
        <line num="6" count="0" type="stmt"/>
        <line num="25" count="0" type="stmt"/>
      </file>
    </package>
  </project>
</coverage>
