{"/Users/ndifrekeanthony/Documents/github/code/sendit-frontend/src/asset/script/util.js": {"path":"/Users/ndifrekeanthony/Documents/github/code/sendit-frontend/src/asset/script/util.js","statementMap":{"0":{"start":{"line":1,"column":29},"end":{"line":4,"column":1}},"1":{"start":{"line":2,"column":21},"end":{"line":2,"column":174}},"2":{"start":{"line":3,"column":2},"end":{"line":3,"column":54}},"3":{"start":{"line":6,"column":29},"end":{"line":8,"column":1}},"4":{"start":{"line":7,"column":2},"end":{"line":7,"column":15}},"5":{"start":{"line":10,"column":28},"end":{"line":12,"column":1}},"6":{"start":{"line":11,"column":2},"end":{"line":11,"column":46}},"7":{"start":{"line":14,"column":32},"end":{"line":16,"column":1}},"8":{"start":{"line":15,"column":2},"end":{"line":15,"column":29}},"9":{"start":{"line":18,"column":26},"end":{"line":20,"column":1}},"10":{"start":{"line":19,"column":2},"end":{"line":19,"column":60}},"11":{"start":{"line":22,"column":28},"end":{"line":24,"column":1}},"12":{"start":{"line":23,"column":2},"end":{"line":23,"column":47}},"13":{"start":{"line":26,"column":18},"end":{"line":33,"column":1}},"14":{"start":{"line":27,"column":2},"end":{"line":32,"column":4}}},"fnMap":{"0":{"name":"(anonymous_0)","decl":{"start":{"line":1,"column":29},"end":{"line":1,"column":30}},"loc":{"start":{"line":1,"column":40},"end":{"line":4,"column":1}},"line":1},"1":{"name":"(anonymous_1)","decl":{"start":{"line":6,"column":29},"end":{"line":6,"column":30}},"loc":{"start":{"line":6,"column":40},"end":{"line":8,"column":1}},"line":6},"2":{"name":"(anonymous_2)","decl":{"start":{"line":10,"column":28},"end":{"line":10,"column":29}},"loc":{"start":{"line":10,"column":39},"end":{"line":12,"column":1}},"line":10},"3":{"name":"(anonymous_3)","decl":{"start":{"line":14,"column":32},"end":{"line":14,"column":33}},"loc":{"start":{"line":14,"column":43},"end":{"line":16,"column":1}},"line":14},"4":{"name":"(anonymous_4)","decl":{"start":{"line":18,"column":26},"end":{"line":18,"column":27}},"loc":{"start":{"line":18,"column":37},"end":{"line":20,"column":1}},"line":18},"5":{"name":"(anonymous_5)","decl":{"start":{"line":22,"column":28},"end":{"line":22,"column":29}},"loc":{"start":{"line":22,"column":39},"end":{"line":24,"column":1}},"line":22},"6":{"name":"(anonymous_6)","decl":{"start":{"line":26,"column":18},"end":{"line":26,"column":19}},"loc":{"start":{"line":26,"column":24},"end":{"line":33,"column":1}},"line":26}},"branchMap":{"0":{"loc":{"start":{"line":19,"column":9},"end":{"line":19,"column":59}},"type":"cond-expr","locations":[{"start":{"line":19,"column":17},"end":{"line":19,"column":34}},{"start":{"line":19,"column":37},"end":{"line":19,"column":59}}],"line":19},"1":{"loc":{"start":{"line":23,"column":9},"end":{"line":23,"column":46}},"type":"cond-expr","locations":[{"start":{"line":23,"column":17},"end":{"line":23,"column":19}},{"start":{"line":23,"column":22},"end":{"line":23,"column":46}}],"line":23}},"s":{"0":1,"1":3,"2":3,"3":1,"4":0,"5":1,"6":3,"7":1,"8":3,"9":1,"10":30,"11":1,"12":15,"13":1,"14":34},"f":{"0":3,"1":0,"2":3,"3":3,"4":30,"5":15,"6":34},"b":{"0":[26,4],"1":[11,4]},"_coverageSchema":"43e27e138ebf9cfc5966b082cf9a028302ed4184","hash":"f00fd99c70a9d1b654f1b942d43aabf4126e96da"}
,"/Users/ndifrekeanthony/Documents/github/code/sendit-frontend/src/asset/style/forms.css": {"path":"/Users/ndifrekeanthony/Documents/github/code/sendit-frontend/src/asset/style/forms.css","statementMap":{"0":{"start":{"line":1,"column":0},"end":{"line":1,"column":19}}},"fnMap":{},"branchMap":{},"s":{"0":1},"f":{},"b":{},"_coverageSchema":"43e27e138ebf9cfc5966b082cf9a028302ed4184","hash":"f5b0a4d17b850b990e779d75a8ac32fb778515d6"}
,"/Users/ndifrekeanthony/Documents/github/code/sendit-frontend/src/asset/style/header.css": {"path":"/Users/ndifrekeanthony/Documents/github/code/sendit-frontend/src/asset/style/header.css","statementMap":{"0":{"start":{"line":1,"column":0},"end":{"line":1,"column":19}}},"fnMap":{},"branchMap":{},"s":{"0":1},"f":{},"b":{},"_coverageSchema":"43e27e138ebf9cfc5966b082cf9a028302ed4184","hash":"24747a872524688a6c99a51aeae830a730fc8f68"}
,"/Users/ndifrekeanthony/Documents/github/code/sendit-frontend/src/pages/SignIn.jsx": {"path":"/Users/ndifrekeanthony/Documents/github/code/sendit-frontend/src/pages/SignIn.jsx","statementMap":{"0":{"start":{"line":28,"column":21},"end":{"line":28,"column":39}},"1":{"start":{"line":29,"column":4},"end":{"line":35,"column":7}},"2":{"start":{"line":30,"column":25},"end":{"line":30,"column":51}},"3":{"start":{"line":31,"column":6},"end":{"line":33,"column":41}},"4":{"start":{"line":34,"column":6},"end":{"line":34,"column":53}},"5":{"start":{"line":39,"column":18},"end":{"line":39,"column":36}},"6":{"start":{"line":40,"column":4},"end":{"line":46,"column":7}},"7":{"start":{"line":41,"column":22},"end":{"line":41,"column":42}},"8":{"start":{"line":42,"column":6},"end":{"line":44,"column":57}},"9":{"start":{"line":45,"column":6},"end":{"line":45,"column":47}},"10":{"start":{"line":50,"column":68},"end":{"line":50,"column":78}},"11":{"start":{"line":51,"column":4},"end":{"line":102,"column":6}}},"fnMap":{"0":{"name":"(anonymous_0)","decl":{"start":{"line":27,"column":19},"end":{"line":27,"column":20}},"loc":{"start":{"line":27,"column":30},"end":{"line":36,"column":3}},"line":27},"1":{"name":"(anonymous_1)","decl":{"start":{"line":29,"column":18},"end":{"line":29,"column":19}},"loc":{"start":{"line":29,"column":41},"end":{"line":35,"column":5}},"line":29},"2":{"name":"(anonymous_2)","decl":{"start":{"line":38,"column":16},"end":{"line":38,"column":17}},"loc":{"start":{"line":38,"column":27},"end":{"line":47,"column":3}},"line":38},"3":{"name":"(anonymous_3)","decl":{"start":{"line":40,"column":18},"end":{"line":40,"column":19}},"loc":{"start":{"line":40,"column":41},"end":{"line":46,"column":5}},"line":40},"4":{"name":"(anonymous_4)","decl":{"start":{"line":49,"column":2},"end":{"line":49,"column":3}},"loc":{"start":{"line":49,"column":11},"end":{"line":103,"column":3}},"line":49}},"branchMap":{"0":{"loc":{"start":{"line":31,"column":31},"end":{"line":33,"column":40}},"type":"cond-expr","locations":[{"start":{"line":32,"column":10},"end":{"line":32,"column":14}},{"start":{"line":33,"column":10},"end":{"line":33,"column":40}}],"line":31},"1":{"loc":{"start":{"line":42,"column":28},"end":{"line":44,"column":56}},"type":"cond-expr","locations":[{"start":{"line":43,"column":10},"end":{"line":43,"column":14}},{"start":{"line":44,"column":10},"end":{"line":44,"column":56}}],"line":42},"2":{"loc":{"start":{"line":85,"column":41},"end":{"line":85,"column":62}},"type":"binary-expr","locations":[{"start":{"line":85,"column":41},"end":{"line":85,"column":48}},{"start":{"line":85,"column":52},"end":{"line":85,"column":62}}],"line":85}},"s":{"0":3,"1":3,"2":3,"3":3,"4":3,"5":3,"6":3,"7":3,"8":3,"9":3,"10":15,"11":15},"f":{"0":3,"1":3,"2":3,"3":3,"4":15},"b":{"0":[1,2],"1":[1,2],"2":[15,13]},"_coverageSchema":"43e27e138ebf9cfc5966b082cf9a028302ed4184","hash":"ac9dc9d77f88362adbfade5de1e50b2f632a86e6"}
,"/Users/ndifrekeanthony/Documents/github/code/sendit-frontend/src/pages/common/ExternalPage.jsx": {"path":"/Users/ndifrekeanthony/Documents/github/code/sendit-frontend/src/pages/common/ExternalPage.jsx","statementMap":{"0":{"start":{"line":6,"column":3},"end":{"line":10,"column":5}}},"fnMap":{"0":{"name":"(anonymous_0)","decl":{"start":{"line":5,"column":2},"end":{"line":5,"column":3}},"loc":{"start":{"line":5,"column":11},"end":{"line":11,"column":3}},"line":5}},"branchMap":{},"s":{"0":1},"f":{"0":1},"b":{},"_coverageSchema":"43e27e138ebf9cfc5966b082cf9a028302ed4184","hash":"cc18dad1ffc2b12e50649622ce501a7a191163ed"}
,"/Users/ndifrekeanthony/Documents/github/code/sendit-frontend/src/pages/common/Header.jsx": {"path":"/Users/ndifrekeanthony/Documents/github/code/sendit-frontend/src/pages/common/Header.jsx","statementMap":{"0":{"start":{"line":5,"column":15},"end":{"line":8,"column":1}},"1":{"start":{"line":11,"column":2},"end":{"line":23,"column":4}}},"fnMap":{"0":{"name":"Header","decl":{"start":{"line":10,"column":9},"end":{"line":10,"column":15}},"loc":{"start":{"line":10,"column":18},"end":{"line":24,"column":1}},"line":10}},"branchMap":{},"s":{"0":1,"1":0},"f":{"0":0},"b":{},"_coverageSchema":"43e27e138ebf9cfc5966b082cf9a028302ed4184","hash":"cfeacf266f20faa2c15124555acf82964001de4a"}
,"/Users/ndifrekeanthony/Documents/github/code/sendit-frontend/src/pages/common/Loader.jsx": {"path":"/Users/ndifrekeanthony/Documents/github/code/sendit-frontend/src/pages/common/Loader.jsx","statementMap":{"0":{"start":{"line":3,"column":15},"end":{"line":44,"column":1}},"1":{"start":{"line":4,"column":2},"end":{"line":43,"column":3}},"2":{"start":{"line":6,"column":6},"end":{"line":23,"column":8}},"3":{"start":{"line":25,"column":6},"end":{"line":42,"column":8}}},"fnMap":{"0":{"name":"(anonymous_0)","decl":{"start":{"line":3,"column":15},"end":{"line":3,"column":16}},"loc":{"start":{"line":3,"column":32},"end":{"line":44,"column":1}},"line":3}},"branchMap":{"0":{"loc":{"start":{"line":4,"column":2},"end":{"line":43,"column":3}},"type":"switch","locations":[{"start":{"line":5,"column":4},"end":{"line":23,"column":8}},{"start":{"line":24,"column":4},"end":{"line":42,"column":8}}],"line":4}},"s":{"0":1,"1":0,"2":0,"3":0},"f":{"0":0},"b":{"0":[0,0]},"_coverageSchema":"43e27e138ebf9cfc5966b082cf9a028302ed4184","hash":"8a99ac354fbff553cc6700dc435c2fe66461c2e9"}
}
