TN:
SF:/Users/ndifrekeanthony/Documents/github/code/sendit-frontend/src/asset/script/util.js
FN:1,(anonymous_0)
FN:6,(anonymous_1)
FN:10,(anonymous_2)
FN:14,(anonymous_3)
FN:18,(anonymous_4)
FN:22,(anonymous_5)
FN:26,(anonymous_6)
FNF:7
FNH:6
FNDA:3,(anonymous_0)
FNDA:0,(anonymous_1)
FNDA:3,(anonymous_2)
FNDA:3,(anonymous_3)
FNDA:30,(anonymous_4)
FNDA:15,(anonymous_5)
FNDA:34,(anonymous_6)
DA:1,1
DA:2,3
DA:3,3
DA:6,1
DA:7,0
DA:10,1
DA:11,3
DA:14,1
DA:15,3
DA:18,1
DA:19,30
DA:22,1
DA:23,15
DA:26,1
DA:27,34
LF:15
LH:14
BRDA:19,0,0,26
BRDA:19,0,1,4
BRDA:23,1,0,11
BRDA:23,1,1,4
BRF:4
BRH:4
end_of_record
TN:
SF:/Users/ndifrekeanthony/Documents/github/code/sendit-frontend/src/asset/style/forms.css
FNF:0
FNH:0
DA:1,1
LF:1
LH:1
BRF:0
BRH:0
end_of_record
TN:
SF:/Users/ndifrekeanthony/Documents/github/code/sendit-frontend/src/asset/style/header.css
FNF:0
FNH:0
DA:1,1
LF:1
LH:1
BRF:0
BRH:0
end_of_record
TN:
SF:/Users/ndifrekeanthony/Documents/github/code/sendit-frontend/src/pages/SignIn.jsx
FN:27,(anonymous_0)
FN:29,(anonymous_1)
FN:38,(anonymous_2)
FN:40,(anonymous_3)
FN:49,(anonymous_4)
FNF:5
FNH:5
FNDA:3,(anonymous_0)
FNDA:3,(anonymous_1)
FNDA:3,(anonymous_2)
FNDA:3,(anonymous_3)
FNDA:15,(anonymous_4)
DA:28,3
DA:29,3
DA:30,3
DA:31,3
DA:34,3
DA:39,3
DA:40,3
DA:41,3
DA:42,3
DA:45,3
DA:50,15
DA:51,15
LF:12
LH:12
BRDA:31,0,0,1
BRDA:31,0,1,2
BRDA:42,1,0,1
BRDA:42,1,1,2
BRDA:85,2,0,15
BRDA:85,2,1,13
BRF:6
BRH:6
end_of_record
TN:
SF:/Users/ndifrekeanthony/Documents/github/code/sendit-frontend/src/pages/common/ExternalPage.jsx
FN:5,(anonymous_0)
FNF:1
FNH:1
FNDA:1,(anonymous_0)
DA:6,1
LF:1
LH:1
BRF:0
BRH:0
end_of_record
TN:
SF:/Users/ndifrekeanthony/Documents/github/code/sendit-frontend/src/pages/common/Header.jsx
FN:10,Header
FNF:1
FNH:0
FNDA:0,Header
DA:5,1
DA:11,0
LF:2
LH:1
BRF:0
BRH:0
end_of_record
TN:
SF:/Users/ndifrekeanthony/Documents/github/code/sendit-frontend/src/pages/common/Loader.jsx
FN:3,(anonymous_0)
FNF:1
FNH:0
FNDA:0,(anonymous_0)
DA:3,1
DA:4,0
DA:6,0
DA:25,0
LF:4
LH:1
BRDA:4,0,0,0
BRDA:4,0,1,0
BRF:2
BRH:0
end_of_record
